<?xml version="1.0" encoding="UTF-8"?>
<!-- Generated by org.testng.reporters.JUnitReportReporter -->
<testsuite hostname="LAPTOP-K53VEG9S" failures="0" tests="2" name="TestCase.TestCases" time="22.322" errors="0" timestamp="2024-06-04T09:02:37 IST" skipped="0">
  <testcase classname="TestCase.TestCases" name="scenario1" time="13.866"/>
  <system-out/>
  <testcase classname="TestCase.TestCases" name="scenario2" time="8.456"/>
  <system-out/>
</testsuite> <!-- TestCase.TestCases -->
