<?xml version="1.0" encoding="UTF-8"?>
<!-- Generated by org.testng.reporters.JUnitReportReporter -->
<testsuite hostname="LAPTOP-K53VEG9S" failures="0" tests="1" name="TestCase.Scenario1" time="2.901" errors="0" timestamp="2024-06-03T10:16:51 IST" skipped="0">
  <testcase classname="TestCase.Scenario1" name="scenario1" time="2.901"/>
  <system-out/>
</testsuite> <!-- TestCase.Scenario1 -->
