<?xml version="1.0" encoding="UTF-8"?>
<!-- Generated by org.testng.reporters.JUnitReportReporter -->
<testsuite hostname="LAPTOP-K53VEG9S" failures="0" tests="1" name="PageObject.HomePage" time="10.147" errors="0" timestamp="2024-06-04T08:29:07 IST" skipped="0">
  <testcase classname="PageObject.HomePage" name="homePageSenero1" time="10.147"/>
  <system-out/>
</testsuite> <!-- PageObject.HomePage -->
